<?xml version="1.0" encoding="UTF-8"?>
<!-- Generated by org.testng.reporters.JUnitReportReporter -->
<testsuite skipped="0" hostname="DESKTOP-2O9JK05" name="com.AutomationTalks.demoProject1.TestClass1" tests="3" failures="0" timestamp="16 Jan 2019 14:00:38 GMT" time="33.305" errors="0">
  <testcase name="Test2" time="10.978" classname="com.AutomationTalks.demoProject1.TestClass1"/>
  <testcase name="Test1" time="10.386" classname="com.AutomationTalks.demoProject1.TestClass1"/>
  <testcase name="Test3" time="11.941" classname="com.AutomationTalks.demoProject1.TestClass1"/>
</testsuite> <!-- com.AutomationTalks.demoProject1.TestClass1 -->
