<?xml version="1.0" encoding="UTF-8"?>
<!-- Generated by org.testng.reporters.JUnitReportReporter -->
<testsuite skipped="0" hostname="DESKTOP-2O9JK05" name="com.AutomationTalks.demoProject1.TestClass1" tests="3" failures="0" timestamp="17 Jan 2019 16:36:48 GMT" time="69.276" errors="0">
  <testcase name="Test2" time="25.041" classname="com.AutomationTalks.demoProject1.TestClass1"/>
  <testcase name="Test1" time="24.246" classname="com.AutomationTalks.demoProject1.TestClass1"/>
  <testcase name="Test3" time="19.989" classname="com.AutomationTalks.demoProject1.TestClass1"/>
</testsuite> <!-- com.AutomationTalks.demoProject1.TestClass1 -->
