<?xml version="1.0" encoding="UTF-8"?>
<!-- Generated by org.testng.reporters.JUnitReportReporter -->
<testsuite skipped="0" hostname="DESKTOP-2O9JK05" name="com.AutomationTalks.demoProject1.TestClass1" tests="3" failures="0" timestamp="16 Jan 2019 15:11:51 GMT" time="87.555" errors="0">
  <testcase name="Test3" time="28.340" classname="com.AutomationTalks.demoProject1.TestClass1"/>
  <testcase name="Test1" time="31.833" classname="com.AutomationTalks.demoProject1.TestClass1"/>
  <testcase name="Test2" time="27.382" classname="com.AutomationTalks.demoProject1.TestClass1"/>
</testsuite> <!-- com.AutomationTalks.demoProject1.TestClass1 -->
